<?xml version="1.0" encoding="UTF-8"?>
<!-- Generated by org.testng.reporters.JUnitReportReporter -->
<testsuite hostname="DESKTOP-N8BIK59" failures="0" tests="1" name="Amazon_pacakge.Amazon_project.Test_3_Execution" time="13.732" errors="0" timestamp="2025-06-24T17:16:05 IST" skipped="0">
  <testcase classname="Amazon_pacakge.Amazon_project.Test_3_Execution" name="wrongdetails" time="13.732">
    <system-out>
      <![CDATA[successful done step 3
Successful signin1
Cliking continue]]>
    </system-out>
  </testcase> <!-- wrongdetails -->
  <system-out>
    <![CDATA[Successfully done to account
successful done step 3
Successful signin1
Cliking continue
Successfully close]]>
  </system-out>
</testsuite> <!-- Amazon_pacakge.Amazon_project.Test_3_Execution -->
