<?xml version="1.0" encoding="UTF-8"?>
<!-- Generated by org.testng.reporters.JUnitReportReporter -->
<testsuite hostname="DESKTOP-N8BIK59" failures="0" tests="1" name="Amazon_pacakge.Amazon_project.Test_3_Invalidetails" time="20.429" errors="0" timestamp="2025-06-25T08:28:38 IST" skipped="0">
  <testcase classname="Amazon_pacakge.Amazon_project.Test_3_Invalidetails" name="wrongdetails" time="20.429">
    <system-out>
      <![CDATA[successful done step 3
Successful signin1
Cliking continue]]>
    </system-out>
  </testcase> <!-- wrongdetails -->
  <system-out>
    <![CDATA[Edge Launch Successfully
Successfully done to account
successful done step 3
Successful signin1
Cliking continue
Successfully close]]>
  </system-out>
</testsuite> <!-- Amazon_pacakge.Amazon_project.Test_3_Invalidetails -->
